-2.034170886878573
-0.2526151013631891
-0.16576782924239916
-0.09728268017407607
-0.2560152614914138
-0.18318626061109103
-0.07717857957092475
-0.2693733203328761
-0.2421499740341678
-0.06366212179067582
-0.27072410263065205
-0.2729887505514027
-0.0864705981385965
-0.28480188379122856
-0.3155026466039131
-0.07262968042274415
-0.27543186922400026
-0.3427665222092027
-0.06766912794084642
-0.29179182145450006
-0.3442752522266545
-0.07556642535399158
-0.30123125447746085
-0.35697658112057734
-0.03493489535674338
-0.2786232968811439
-0.3555381851536732
-0.023083209692523015
-0.31835083351084026
-0.3433219209039299
-0.013946888068821493
-0.3105213177074647
-0.3405580009800285
-0.011228437884078929
-0.3114751803945848
-0.31758391793856683
-0.07176881188523601
-0.3164639567841595
-0.3107132511699952
-0.08488128587031042
-0.21813574488721682
-0.269423034209941
-0.5299212081701569
-0.24101321741769993
-0.2738210351638594
-0.5103786683862107
-0.2406128407306288
-0.2762174422265248
-0.5039556797327506
-0.23535037049948665
-0.27548465754779033
-0.4731771150132575
-0.222350761472712
-0.2730278602124215
-0.4165336009808148
-0.18531029421858836
-0.26447222760626926
-0.37224830839454937
-0.1285145798941181
-0.25081843487096783
-0.2863234514984398
-0.10686246022492625
-0.2303182652969478
-0.24272776515735642
-0.09659338412707351
-0.21246644010669355
-0.22206931546377842
-0.3438016583490501
-0.25484464234402093
-0.20265019169467513
-0.3406078941512891
-0.29111742328229706
-0.22778518241979875
-0.33171139742580175
-0.33757584845669825
-0.30081694705014833
-0.31360652396929034
-0.3707197168421157
-0.36640474918506744
-0.30917885741782786
-0.38716306607792383
-0.4789435306702552
-0.3134067493812729
-0.40114427318685086
-0.5374436512115675
-0.3327543210937039
-0.39503399730648436
-0.5587014778692287
-0.3094238747970511
-0.4005860599805417
-0.5981072199811889
-0.3148831091218528
-0.42004519534610374
-0.6404152301218606
-0.30378407469824226
-0.4104197039966875
-0.6924167154284944
-0.29047740122737103
-0.4188949203436114
-0.6826146327072251
-0.29343508383460587
-0.4251733881551259
-0.6261512019448806
-0.287012528108525
-0.42236001463287465
-0.6034727983062308
-0.2988463671958564
-0.4155314435350691
-0.5635435467497321
-0.2856019392178984
-0.4075176731388059
-0.5041263255006792
-0.3018194199483247
-0.40737800804632557
-0.44787202830697564
-0.28797618555367466
-0.3997399755301832
-0.37905957853714384
-0.2651933364570171
-0.39168312748814876
-0.3491892396672078
-0.19959950062553392
-0.3635008177241291
-0.30703231504305484
-0.14880676036512125
-0.34123559451390295
-0.25868152051616294
-0.09211610852091777
-0.3092446669689343
-0.23880734435965195
-0.3367362561460367
-0.22738745659706044
-0.23959514969792314
-0.3363522945984084
-0.2765894261293048
-0.19630609361334522
-0.34745151325712115
-0.3278859653293902
-0.2427993040368057
-0.3527821693039285
-0.36426694139616994
-0.3173459497864348
-0.3333019576417811
-0.3943571935142236
-0.36282373942624613
-0.3297793253564143
-0.40529438108151306
-0.36805455907074497
-0.3368161749431126
-0.40724896301456454
-0.3619224857754274
-0.33237772513909897
-0.42491597349430754
-0.3233781841168408
-0.3111917372407445
-0.42998397577315745
-0.32574854557677846
-0.3104147793760431
-0.4201444660230025
-0.3732595869703703
-0.3257953680511494
-0.4224890610823742
-0.3646735919639372
-0.3381234747551429
-0.4203560501353852
-0.31667348131526213
-0.3383699768667254
-0.42382395973723025
-0.31675724352389
-0.3295568707877859
-0.41777206002165895
-0.348780550254211
-0.33141682124303834
-0.4133450560200127
-0.34194840470214005
-0.33573251629279277
-0.4151856837780524
-0.3257664348972662
-0.32020076717559426
-0.41879613945927147
-0.32376011416861206
-0.30108438394374865
-0.3904226322170805
-0.29412886661888943
-0.2676706922787521
-0.3841905309845192
-0.2996321915144329
-0.18980611450990387
-0.35818639148042825
-0.3405229681722036
-0.14886295096668964
-0.39171580074083684
-0.32468672355608647
-0.47429940037501334
-0.5403785533883714
-0.4420823844939466
-0.46044250574475565
-0.5273632180029033
-0.42297889093807073
-0.4432079420157002
-0.5215463915732796
-0.41371714782770974
-0.4415771847682608
-0.5167431417631715
-0.38195083059901164
-0.433576643810983
-0.5076918155701926
-0.3647250578800456
-0.4363705732079011
-0.5043956056449889
-0.3376151257149487
-0.42536156861163454
-0.49501205607488213
-0.3224166681837858
-0.4241277160657488
-0.49501205607488213
-0.322372428402488
-0.4168675528774588
-0.48369727102837595
-0.316817433263652
-0.3993529405605636
-0.459403915775239
-0.2864551297012266
-0.3840406442849711
-0.44570081466699296
-0.26133509184133125
-0.3853328973680272
-0.42847119034776526
-0.2793291876900269
-0.37892380688025484
-0.41431166587167206
-0.2623772470973476
-0.3644592807251573
-0.35249516997046554
-0.3940700996316653
-0.36488018253661075
-0.3638758375560403
-0.4069898906712415
-0.36516699424446253
-0.37449279763859794
-0.43128543169564176
-0.3679232823792535
-0.3813470942811868
-0.44949808454207013
-0.3677694980192269
-0.37857313041333784
-0.452735009048762
-0.3762766966333791
-0.3840243215119317
-0.43178880766830396
-0.38681391748502675
-0.40260108175749154
-0.4384709516584055
-0.4003873978005252
-0.40719589477232804
-0.4400502255068185
-0.42530751968345437
-0.42206470392366585
-0.40225224837483703
-0.4420901245292935
-0.4482388833611232
-0.4153050832404058
-0.4574020620745154
-0.45426667325793607
-0.409136915536184
-0.4657488116061936
-0.4506167507204434
-0.39998150642410246
-0.4679491599252887
-0.4712403079745706
-0.38044401518145704
-0.46445035610492574
-0.48237116422546555
-0.4238187830252575
-0.47678971784092367
-0.5029479692588031
-0.4289204664192368
-0.4589068850334708
-0.5035734691756969
-0.44491889749256563
-0.4341469508716468
-0.49996871472513016
-0.47027428961313933
-0.42628434208268673
-0.5068173429211785
-0.5004294663488795
-0.41119979785973104
-0.49611844909432357
-0.5430711383564601
-0.40808198293871134
-0.5045936654412475
-0.5630370874377808
-0.3930500254589587
-0.510463820749977
-0.5660721090519684
-0.4001769477997858
-0.5133726630005571
-0.5809731241751136
-0.39654526520128747
-0.5098398014483484
-0.5978272628925331
-0.3779159904976572
-0.5109939873761483
-0.5623872052545341
-0.395957729688963
-0.519053770709576
-0.5476706989646963
-0.4033751356666323
-0.5078476549188746
-0.5216134124035257
-0.4025332188577431
-0.5136103946034849
-0.512117678909825
-0.39426431775555026
-0.5085769520587917
-0.5096153301071634
-0.3883459786869201
-0.5085769520587917
-0.483608093013795
-0.38987207180204014
-0.4973811860311104
-0.46176949320762967
-0.4026300864588551
-0.504660533430847
-0.45228831982408085
-0.40183254843150173
-0.5110913782849085
-0.3912723587958569
-0.4109596146386373
-0.5041443132876389
-0.42599403767191324
-0.42206462113436755
-0.5136404800104276
-0.4182919190589549
-0.4214428022657194
-0.5097868192493706
-0.42892040253872243
-0.423626688350946
-0.5202513327959812
-0.44996977445118314
-0.42088297030706123
-0.5225322791766563
-0.46092267005295984
-0.42053687351644176
-0.5249013688944661
-0.44725282046633114
-0.40518718715177304
-0.5175074619828857
-0.4686972187995411
-0.40772376095557583
-0.5084067350812015
-0.48418807280766135
-0.4081231393651199
-0.5122927477308995
-0.48614216672293975
-0.4047738343673635
-0.5087167223223544
-0.48830081352140403
-0.4017655331656764
-0.503351373371576
-0.46077995373807984
-0.39198188568995895
-0.5004716243587193
-0.45587775593600377
-0.4042342877070547
-0.49953228439689784
-0.4566807460069102
-0.39664629243419447
-0.49130102953105614
-0.4402528514712715
-0.371512084478271
-0.48600799275470813
-0.42485424929427884
-0.36479561996360343
-0.4760310351071717
-0.4028310688483811
-0.36236656457126803
-0.4742875051516838
-0.3939231229812588
-0.3515050561530117
-0.4579943104985883
-0.4469465702620854
-0.3523487904540775
-0.5224192681047752
-0.4192804770081407
-0.4342241591421879
-0.33050856316762983
-0.18442615203844612
-0.4358831701479063
-0.33281989117031124
-0.1780540079082553
-0.4442614297786567
-0.34664803986003384
-0.18764955525485086
-0.4547624134646583
-0.35554253634799576
-0.18898043802081774
-0.4396048610506528
-0.37909334964181773
-0.18641124859159328
-0.44946976416501394
-0.4002939961752027
-0.17739307871610355
-0.45604831850567273
-0.4244532352991712
-0.18509010065174844
-0.44759642204705297
-0.4440283358872125
-0.2010007407460172
-0.45191048251439336
-0.460747384649575
-0.24837740468488917
-0.4510904768637535
-0.46378305203929837
-0.2907194697747166
-0.4532903587375309
-0.4804093119539923
-0.286953537057101
-0.4593595133293358
-0.49306807909096556
-0.3042532614985831
-0.45408974718020995
-0.5062969480918088
-0.3491453219787398
-0.44730326571651846
-0.5158449639454404
-0.3974353945930921
-0.44988937261832673
-0.5210285621405046
-0.3971091431577094
-0.4467683372920854
-0.5332944881365932
-0.43493603020499566
-0.45249066787856596
-0.5332944881365932
-0.43692564574308074
-0.4560916972997692
-0.5299206665115723
-0.4669351029650069
-0.4676786584442189
-0.5329221129449367
-0.4990677272722662
-0.4781553710462258
-0.5306605557092332
-0.4962971814740341
-0.49526290182952565
-0.5315430848152466
-0.5449225373024609
-0.4859245281955118
-0.543929100530215
-0.542658666595305
-0.49092040228025596
-0.5452234844259813
-0.5285200085523188
-0.4854651288228349
-0.5507722534538694
-0.5451030997911692
-0.47261033018243026
-0.554656069706493
-0.5610515863296878
-0.5267876435995948
-0.5635791494940372
-0.5623607691943662
-0.5210834095892173
-0.5647111853272385
-0.5792216663026716
-0.5213883028113855
-0.5578140318609379
-0.5753786796598663
-0.5208646270412979
-0.5564953109155768
-0.6030685805237369
-0.5176986220247701
-0.5659914776383654
-0.5995559817175423
-0.5223017781284363
-0.5659914776383654
-0.5925236029384187
-0.5160916884790903
-0.5588399059749485
-0.596291803039935
-0.5149437349866809
-0.5588399059749485
-0.5873188289176325
-0.5185315876633534
-0.5588399059749485
-0.6012654986676517
-0.5276822335113435
-0.5602829204365046
-0.5686281304175359
-0.5346538578937466
-0.564072349503908
-0.5501159701752808
-0.5237199496717073
-0.564072349503908
-0.5763944508934639
-0.519770817184256
-0.561804369013168
-0.5532500626477567
-0.5166017748760142
-0.5592149293168412
-0.5438607530854018
-0.5225661573213841
-0.5564984680724413
-0.5503645663533437
-0.5184293981178132
-0.5564984680724413
-0.5473687213153242
-0.5267161737771278
-0.5495455813513919
-0.5536894381933296
-0.5203755766723531
-0.5391664721207196
-0.5555985741765209
-0.511243000694461
-0.5360606110037696
-0.545785515529794
-0.5140529416521569
-0.6062801365241975
-0.537549712336667
-0.5122755059150574
-0.60680795212893
-0.5409213528567264
-0.5159700402010041
-0.5961912511094303
-0.5319113551665199
-0.4999821681052608
-0.596590207602803
-0.5288942005731757
-0.49825853909196466
-0.5897019322590977
-0.5207782096672899
-0.49008737619147136
-0.5914052285078145
-0.5190118425740675
-0.4756386328767064
-0.5844718103894847
-0.5109891758771373
-0.4782047665761495
-0.5896386864944945
-0.49951997337891946
-0.45795572318764416
-0.5672049826523025
-0.4947435317617425
-0.44453010843720653
-0.5662900213224952
-0.5203258192417508
-0.4222627585691968
-0.5639817187681638
-0.5043247418317907
-0.41262574059906576
-0.5511149728313134
-0.47540936463837563
-0.37229564354293054
-0.5317294674530476
-0.4690213722207602
-0.4385470569597499
-0.5235769041656678
-0.4546511499369767
-0.41797237153815137
-0.5079375608001062
-0.42966435570417244
-0.39723824323993734
-0.49900602522214926
-0.42475468036235753
-0.37806176082004544
-0.4857274703101443
-0.38752039381841125
-0.36103384744588096
-0.4692865952862469
-0.3736975465441077
-0.3353316032404301
-0.4585827566868274
-0.38374153846251347
-0.3216655493932837
-0.4435708173239218
-0.3948116701036617
-0.21178046042097085
-0.22543347665833682
-0.6152277322504187
-0.20705640726876806
-0.24125598803638146
-0.5677626616467517
-0.2072559928875472
-0.2533590983339126
-0.5452224653948422
-0.3542477049844202
-0.30277410480837624
-0.3294705974138129
-0.3529554519013642
-0.3200037291276039
-0.3210458799784509
-0.35936454238913645
-0.334163253603697
-0.35911202103459366
-0.22168429901182393
-0.374610724145972
-0.34479970431987134
-0.06589383031281923
-0.2772730768337863
-0.212693170126158
-0.3040641901272033
-0.4179663563077395
-0.3629814660953514
-0.3024051791214852
-0.41565502830505807
-0.369353610225542
-0.09828846618024362
-0.19339424101710212
-0.21265489154573164
-0.29402691949073473
-0.4018268796153354
-0.3597580628789463
-0.20442724425334233
-0.34417695739181187
-0.3458003113671461
-0.283525935804733
-0.39293238312737344
-0.35842718011297936
-0.0654802538330938
-0.2345019521556033
-0.1949662651825122
-0.2986834882187384
-0.36938156983355147
-0.3609963695422047
-0.1167941679232264
-0.16314924997563882
-0.18135173311638614
-0.28881858510437713
-0.3481809233001665
-0.3700145394176945
-0.1738346216828244
-0.2793964175391115
-0.3500550260370343
-0.28224003076371834
-0.3240216841761979
-0.36231751748204927
-0.30443041243416685
-0.2870754338625
-0.07437851594582688
-0.3738290685442337
-0.39597974950490356
-0.23283715674397912
-0.2793623592546533
-0.26534543695685975
-0.09179182117853019
-0.3670657938912944
-0.3808273485887295
-0.2303693964970863
-0.2670207654579766
-0.330590509902405
-0.08220953872454774
-0.06350810138151634
-0.17625834795824855
-0.20084305987770268
-0.3621370824569904
-0.37021038850617194
-0.2134191186871128
-0.29069192722233816
-0.3044465835881567
-0.3640552036303752
-0.26290816859247756
-0.31421727471130717
-0.08343643954414147
-0.3593807943221996
-0.36335609186358314
-0.2168391111455444
-0.2497791922711684
-0.31356020372705773
-0.09581643559741926
-0.3534597658499574
-0.3573087236143859
-0.21132608176374065
-0.23159948752421367
-0.29706227491874526
-0.12409485445672366
-0.34203168174213006
-0.346041181910753
-0.22769549622728105
-0.29673132621863546
-0.27031125305155074
-0.15574231929483573
-0.3235462868698813
-0.3274644216651931
-0.24148396135679737
-0.25986321351761094
-0.2523585824581814
-0.14213305044168645
-0.30272917861390936
-0.32286960865035663
-0.2280749379328094
-0.21317176115199524
-0.23110437721722815
-0.17274235463988313
-0.27336435553113464
-0.30800079949901893
-0.25461112746770403
-0.06656418701775615
-0.07339398146332832
-0.08479226234086101
-0.25270342613016855
-0.2818266200615615
-0.23189543367407553
-0.06892364831780189
-0.07689642228179083
-0.08186877282782107
-0.30740935281055326
-0.18813651906217602
-0.223081579517701
-0.41261013555839177
-0.28989216278854185
-0.1637855103410076
-0.42336824922497435
-0.30490410215144736
-0.1525959480301362
-0.06956680071162542
-0.06847230525643655
-0.08323901201944436
-0.22287774229478588
-0.12899237771294553
-0.09471318412177815
-0.38746938940748676
-0.26070872822948604
-0.15718434884370763
-0.3966464046309084
-0.27747723453812956
-0.17382950225941318
-0.3267285309665853
-0.2095982638169721
-0.18018293291105905
-0.2551497004149027
-0.1666235514118582
-0.22222369702595368
-0.36043456440254795
-0.24875108812018956
-0.11995006229976134
-0.29406690291841286
-0.17687762947538002
-0.19732246034946233
-0.18150730694183342
-0.09637643591702905
-0.09680001127785992
-0.3401243430299655
-0.23710587557413215
-0.10811967161760265
-0.25135292352667427
-0.15178264688652354
-0.15214750015996586
-0.20807735189534163
-0.14548257562477296
-0.19328102453413737
-0.28259637476079985
-0.21715189331243223
-0.05917429444408141
-0.3188330006670971
-0.2214665322085707
-0.08014363178615647
-0.2030374693005441
-0.21449211095700793
-0.5828095242527843
-0.33893540870882793
-0.2890710037001301
-0.2831060523471468
-0.19398703330128603
-0.19911788455281973
-0.5410947384589876
-0.3214207963919329
-0.26477764844699336
-0.23371654669196879
-0.13403741418039183
-0.11157855785321302
-0.164132646567444
-0.2863778667549975
-0.28626519041526216
-0.3639983006423973
-0.1708530821376089
-0.24375439121176867
-0.349779307090707
-0.28719787240563777
-0.28313367674967427
-0.376908806707762
-0.06928245183043964
-0.14781534792786086
-0.20852424104881243
-0.2849979905318605
-0.2665074168349804
-0.3680323528529885
-0.1861392391124123
-0.20843263859823324
-0.14710317133321457
-0.16534252841488603
-0.18425157011540444
-0.18866280630130813
-0.23540399544298232
-0.26731387635909243
-0.21920512660526387
-0.08108800835258023
-0.09705726954365917
-0.012756188123327942
-0.22115547496896704
-0.26572240483527
-0.21262184219828095
-0.09793055454868549
-0.09623409559963236
0.005698836332390971
-0.21099535387318777
-0.2450988475811428
-0.22341625430643294
-0.07006146702809639
-0.083062306243688
-0.03054232030395567
-0.08690161969374782
-0.1069274983945829
0.013750365928836264
-0.2144744585251708
-0.23314426031146757
-0.19167285669224862
-0.052853083072935625
-0.05372168551251154
-0.07312880565129704
-0.12892230390185322
-0.08324985186258602
-0.07138240011271915
-0.25314076869834473
-0.19051282433947758
-0.04908972214131434
-0.04815735291904098
-0.04964879199560951
-0.08061454894737444
-0.23812454580994485
-0.17650240917493532
-0.013746948510437614
-0.15259348911816364
-0.10590133124203122
-0.14436124129532477
-0.2122029818186362
-0.17026033038430205
0.005063538896583022
-0.08328549156429035
-0.07197940965787085
-0.07129335493952377
-0.1911422414521131
-0.16764094359084658
-0.015255239082086414
-0.04815735291904098
-0.038780203190979794
-0.08487841982723322
-0.1724753275475576
-0.14520723974865446
-0.002773467012643399
-0.17534019882341675
-0.11089141736979019
-0.053190664305368784
-0.11333370206057855
-0.09688459366504418
-0.021718456664801142
-0.10646380848019046
-0.08641230168296557
-0.1024557817155314
-0.1569057090289319
-0.1408186613715452
0.017160288779918056
-0.18469327371805114
-0.1869525194096376
-0.5077237712385619
-0.3141606332036427
-0.2534628634004871
-0.22503518973130987
-0.17588683698971916
-0.18864686071828213
-0.42350130191827534
-0.3129267806577567
-0.2534628634004871
-0.22499094995001218
-0.1713364680680852
-0.19052796592739035
-0.3672669022641499
-0.30191777606149045
-0.2440793138303804
-0.20979249241884887
-0.16928786338898147
-0.1907943014878956
-0.2765156415559962
-0.3047117054584085
-0.24078310390517665
-0.18268256025375187
-0.18036637423310145
-0.1907943014878956
-0.2042488716361207
-0.2967111645011309
-0.23173177771219788
-0.16545678753478574
-0.18667499817279684
-0.18230326126500335
-0.1214279788610726
-0.29508040725369133
-0.22692852790208978
-0.13369047030608758
-0.1987471519732443
-0.1723562757369046
-0.11180185844989311
-0.2778458435246355
-0.22111170147246612
-0.12442872719572648
-0.07909869155139118
-0.048755425735561464
-0.012626868745833271
-0.10840540908089445
-0.044625266637086436
-0.012262491445014909
-0.11634479026802938
-0.03937928553790564
-0.027129499617054992
-0.1543426359559984
-0.09896240044605834
-0.12504496682485777
-0.2789288359400554
-0.25384864969800713
-0.3541600574636818
-0.14877476001975473
-0.1921891689662794
-0.3291790852709825
-0.28419860208918146
-0.24061978069716383
-0.35184616350884673
-0.1439249679277856
-0.09463621950042378
-0.13319742937592347
-0.08346876753189843
-0.11485774708802893
-0.2025159792737575
-0.2863130064608327
-0.23205807688281094
-0.3414184604356542
-0.2770524458917526
-0.22687447868774674
-0.33279095483527005
-0.15426425031662921
-0.16162908343578603
-0.30435443953281427
-0.08250083223521983
-0.11040120345429771
-0.20100677496982922
-0.28017348121799385
-0.21005969516667045
-0.32702151777067856
-0.27445115063151343
-0.21005969516667045
-0.3171024691380437
-0.14712651466777008
-0.09192380561533026
-0.12362262231630931
-0.2659401981777418
-0.202344356819868
-0.3034250305928105
-0.12689529348986303
-0.14440679816092056
-0.27141867337909537
-0.25435323703329177
-0.1979626757187799
-0.2987664628412848
-0.06781034157206858
-0.09621139789068031
-0.2012672358980553
-0.24387652443128505
-0.19004549710355575
-0.30905133037202415
-0.10989611014788636
-0.08636561884875413
-0.11441972892862562
-0.2267689936479845
-0.18842797595235733
-0.3061556412946855
-0.14006746661638703
-0.16866513529161087
-0.19986565407495296
-0.11306479932450246
-0.14886475198151045
-0.2291150906388239
-0.12757283883142306
-0.1262167619168847
-0.19959352545934642
-0.11599136379973164
-0.10517915714322282
-0.17980240827650115
-0.19741836405851163
-0.2125674552781301
-0.18185228179595656
-0.08910886974002033
-0.097361323588443
0.035030428603533385
-0.20683748522564122
-0.2057536863793532
-0.16181970347936342
-0.099526809249958
-0.10240671391380742
0.08168388446500668
-0.22602879792137284
-0.19816004776712487
-0.1409847334771819
-0.12152286288536947
-0.09859506111294312
0.101818204350568
-0.134016559031805
-0.10809122783573177
0.12712410206260588
-0.22182992466049545
-0.19153538342139037
-0.133881388426052
-0.23535154532923663
-0.19285629822409878
-0.10711103673416397
-0.08142700025878
-0.1010582924476003
0.007143418165163595
-0.14248746287391367
-0.0920891490938075
0.1429261689513193
-0.23638847765958249
-0.18400579114559137
-0.07774724338888886
-0.16247636625941095
-0.09104312481125254
0.12467008510258473
-0.25465689822500187
-0.17675540116913838
-0.0756495045727531
-0.14317527408487848
-0.08899907814643689
0.1105633770306342
-0.23985841100129388
-0.1738465589185582
-0.0820100579313798
-0.15019218800995718
-0.08653359201037636
0.08848079383916899
-0.25222644771108865
-0.17511143998002676
-0.0689112293229201
-0.14598472834645224
-0.15187288190595183
0.04696793391130994
-0.25742814686704524
-0.16835242531214206
-0.10373114151583829
-0.13280693621528353
-0.148371143950293
0.017323319730049542
-0.24627781213348185
-0.16163387339170493
-0.11708377111283619
-0.12747803576194983
-0.143890779253117
-0.03110504340784448
-0.24094891168014815
-0.16049247714872794
-0.13324687894820803
-0.04091949014939823
-0.038581191557512697
-0.08414747163226438
-0.06058461100589353
-0.04402740558109722
-0.037655392339361604
-0.13629332307055758
-0.12886079936234468
0.04556234044570803
-0.14528299908064846
-0.12886079936234468
0.035042967226575975
-0.08170917646370174
-0.07531048529295328
-0.040219901135856266
-0.05073718459656122
-0.03841565589239666
-0.027724979235153584
-0.11091782442243595
-0.11142409343991616
0.07126517437157452
-0.12906818215620802
-0.11606715498254114
0.0603840161924256
-0.03697884489392164
-0.029158380927419163
-0.05495710375590675
-0.06820071845638173
-0.058092775478738055
0.0046203627993514716
-0.10170503426241712
-0.09414215070806115
0.08933111935260564
-0.10534066646047596
-0.10199327077066095
0.09270275987266431
-0.04693373407967216
-0.038085303208825486
-0.016736306327268545
-0.09662729291101857
-0.09414215070806115
0.10847594684274772
-0.028265471344464235
-0.029158380927419163
-0.05059840300044536
-0.05315734755309733
-0.0477136662480658
0.0370627264748559
-0.07040065231396836
-0.07756724841079768
0.12344425241114627
-0.08754103030041929
-0.08794635764146995
0.11910667730391213
-0.025949095627579324
-0.03150770721935936
0.007640334836090831
-0.07040065231396836
-0.07061436168974813
0.12563241705285777
-0.016367095502970646
-0.022580784937953045
-0.035933810993753985
-0.07040065231396836
-0.07061436168974813
0.1484183269670219
-0.05315734755309733
-0.04441795670246893
0.09332074618035448
-0.07040065231396836
-0.06789790044534823
0.14926466808745148
-0.0620194487250683
-0.06906315651264244
0.09560679698018512
-0.08438956035322123
-0.08650787447423264
0.04661557941426367
-0.02166074076705021
-0.02533701069286815
-0.021073799379027192
-0.06611229745343924
-0.06444366516325692
0.16097124964866477
-0.012078740642441535
-0.016410088411461833
-0.03525562557265321
-0.0540335568109977
-0.048033576751795086
0.1587876574815681
-0.05293318611446905
-0.055016243383451444
0.12632532665804558
-0.06611229745343924
-0.062175684672516836
0.18602927135002137
-0.18160905777899863
-0.16474073392523053
-0.0871434718643697
-0.17033648346818858
-0.1453205753009874
-0.07203149533817865
-0.26398894889437835
-0.208096366086998
-0.10532523363985015
-0.23467377499878472
-0.20611098242740766
-0.09926935216853834
-0.15861703608813194
-0.1363087316446805
-0.01299492744796955
-0.2319613510472263
-0.20218615255269815
-0.07377126260394798
-0.10785674988782279
-0.09510037966490226
0.041946539633349336
-0.12421846479649157
-0.10550717440679888
-0.001995772039731333
-0.2190302125809935
-0.18183247560594865
-0.09729658160741682
-0.2214592679733289
-0.18413715982951004
-0.10868390667544407
-0.08469838807475494
-0.08483339378124746
0.05828475502903213
-0.20738473684629055
-0.17057179521759358
-0.07888721667566855
-0.12826565423456518
-0.09107506801471882
-0.18411481837507515
-0.12759426754470019
-0.08800726949646398
-0.16872498552545462
-0.18022461875270937
-0.15219333081395944
-0.06223864033867111
-0.18672988287891606
-0.16417559210939925
-0.07031642109160886
-0.1236116030783092
-0.10622112549597973
-0.19253280929507496
-0.17877662173494477
-0.15038919526637345
-0.07454072707830797
-0.11613991606581212
-0.10260955510937059
-0.23885920531011395
-0.11724335265236514
-0.08071395754547546
-0.13717197170470094
-0.16899297425922735
-0.14175318098889367
-0.05681415628242202
-0.12429783450448155
-0.10479837035328313
-0.2730417145373448
-0.1646342832963057
-0.13435959679924997
-0.04914318489163699
-0.12503539617622278
-0.10122234494473809
-0.29786467485852974
-0.1091570941004192
-0.08673209594104639
-0.13924312124076665
-0.16128497829854935
-0.13078357139070493
-0.042058503539023503
-0.14201675995610313
-0.10122234494473809
-0.2960867846149797
-0.15898932544380537
-0.13078357139070493
-0.04879237284712469
-0.09724080317683735
-0.07862998542271116
-0.10668813463571282
-0.1476509744609923
-0.10049490901190875
-0.2868353821379494
-0.07334431495909431
-0.06587742090801761
-0.06077633515597866
-0.15768377736554
-0.12168284448902078
-0.04428478591204556
-0.06433729153059621
-0.060790407126420226
-0.027237856830359564
-0.08237989111537969
-0.04335563216176737
-0.018181761775480004
-0.13542384206942704
-0.04843061173088444
-0.022667078237864187
-0.1259092309013649
-0.04843061173088444
-0.022667078237864187
-0.1274579435434289
-0.053555877557859365
-0.027347789462189277
-0.11454403700794705
-0.044336490970391114
-0.027347789462189277
-0.06656137223242667
-0.08091347712874702
-0.17999976038555915
-0.23076604492896338
-0.1760419602373888
-0.28901224983510637
-0.2254595998358171
-0.1747475763416225
-0.2857511565964258
-0.11219986960459999
-0.04253872837210125
-0.012555922952299028
-0.10312529992967934
-0.07161378808200822
-0.09735631228621643
-0.07239767376611235
-0.06845156793831664
-0.17690776199169994
-0.23091487329323795
-0.16919880731373452
-0.27398683844634913
-0.24376967193364274
-0.16436780855949695
-0.2590368876793748
-0.18959235851647854
-0.1554447287719527
-0.2615565339342727
-0.11547797198642382
-0.0407070429936924
-0.019224909453508694
-0.08980345681591737
-0.05751870986924725
-0.07660772910760492
-0.1847062316158737
-0.14753052111695655
-0.2507298147962111
-0.1844013383937055
-0.14753052111695655
-0.24695367343433536
-0.10706598426892258
-0.035074460529102326
-0.019224909453508694
-0.07717902698539156
-0.049122198140392793
-0.07575385730900133
-0.07030691845944682
-0.06626183972604952
-0.15592718270789638
-0.1785826413223065
-0.14045492419081046
-0.23663214624852075
-0.17310972630765356
-0.13095875746802185
-0.23519075899725564
-0.16850657020398752
-0.13095875746802185
-0.23829139152442155
-0.07803677146740462
-0.049122198140392793
-0.07575385730900133
-0.05532570819388468
-0.06065168565295894
-0.14368632930819128
-0.16538554578549441
-0.13095875746802185
-0.2291397409625579
-0.16653349927790384
-0.13095875746802185
-0.2232595697734481
-0.11622200792101624
-0.1317054692669977
-0.261664460372917
-0.1315698023290428
-0.1218290801873957
-0.24648096472707584
-0.0689233664072817
-0.10682347812326416
-0.22772876398082673
-0.10116667027023069
-0.03648157347028537
-0.014802102935970183
-0.16294564660123154
-0.13095875746802185
-0.1720237823992378
-0.06144058593506494
-0.09588429693891949
-0.21906648207091292
-0.061778976331000886
-0.09447718399773646
-0.15722167946326757
-0.04498961884517066
-0.05920867119140292
-0.1369679069125009
-0.15379500075324223
-0.12951574300646582
-0.16801859206832787
-0.060047131380417194
-0.04659469166521333
-0.06506420672762421
-0.1468233763708386
-0.12222688529894435
-0.16157233837696128
-0.050381109453653934
-0.08718832629021499
-0.14224033565438376
-0.14845610214424526
-0.12222688529894435
-0.15704243859035397
-0.04173481553190112
-0.05419040294147758
-0.12294891083516281
-0.15240523463169664
-0.12222688529894435
-0.15512880513470473
-0.11772861548562094
-0.10206235710360323
-0.19173591236605983
-0.12650198867141488
-0.09575333385331744
-0.17663052616013264
-0.09490277479995639
-0.09001181124770931
-0.1741220856886061
-0.09593069932226204
-0.08183655932762904
-0.15943690168825428
-0.08849672781049923
-0.08183655932762904
-0.14750571246444674
-0.08677624499042143
-0.07563219363373101
-0.0965081316493371
-0.11651783766766352
-0.1404567987032716
-0.07124368001502775
-0.11265914853372154
-0.13407855459784362
-0.10355068094087409
-0.22998871358586184
-0.15202921275360975
-0.1390756305531114
-0.22613002445191985
-0.1535632266581849
-0.11776734009809672
-0.2012120867163541
-0.13171293842059892
-0.14006296828968698
-0.18667369316822435
-0.12826536860704138
-0.1426468065787315
-0.2175322994915097
-0.1535632266581849
-0.1407535440311676
-0.20136359524820047
-0.15187743225308425
-0.1318342385232508
-0.18078524931618828
-0.11939764004903546
-0.15437305257525394
-0.17339811793813725
-0.11589530625571196
-0.16374271683556235
-0.16997354212467286
-0.11325945605491494
-0.16321214375267204
-0.1954751513961644
-0.14459808485334769
-0.129268994317675
-0.18808802001811337
-0.13816723999928626
-0.13404457870366077
-0.18466344420464897
-0.13553138979848922
-0.12343150707253973
-0.16390175712723376
-0.10376328933212628
-0.1595081118041758
-0.16390175712723376
-0.10227155021978879
-0.13890248116189646
-0.17859165920720987
-0.12603522307570061
-0.11572849381647626
-0.17859165920720987
-0.12603522307570061
-0.08817461736246587
-0.1577356519723575
-0.08472971213737951
-0.11609569416821443
-0.15706231232330065
-0.08302528667373132
-0.10778409447396865
-0.15498752783318454
-0.08302528667373132
-0.1057513962108666
-0.17598171230495793
-0.11557070952908992
-0.07050599812491257
-0.17598171230495793
-0.11237454495310423
-0.06437764498612648
-0.17940445054094728
-0.11237454495310423
-0.06761701291674888
-0.10747245285422076
-0.07618434829449192
-0.08464877194257275
-0.06843308770915164
-0.03512849994783626
0.06627779106161326
-0.17541738475207863
-0.10928461300346293
-0.03442561342221036
-0.1715752628700104
-0.10928461300346293
-0.014427172479011078
-0.0652609242517183
-0.03512849994783626
0.06624646378253238
-0.0652609242517183
-0.03512849994783626
0.021087065435070832
-0.16888023160572221
-0.10539860035376489
-0.01920694787183422
-0.16888023160572221
-0.10539860035376489
-0.009963619720756114
-0.06794493189785786
-0.03310026470897102
0.05022315852036243
-0.0652609242517183
-0.03537085416656714
0.0023663861862468164
-0.0652609242517183
-0.03250528255480256
-0.006055361766038742
-0.1675298418444875
-0.10337036511489964
-0.029813508113295122
-0.1675298418444875
-0.09761409985027653
-0.016989135119485015
-0.051560525216857944
-0.03164048696903807
-0.019722292452579306
-0.15382944280962713
-0.09674930426451203
-0.02848823178821531
-0.02441692270776276
-0.029349258279372903
0.038134383294117745
-0.05264325636351158
-0.09299829783491392
-0.03741993474379863
-0.05264325636351158
-0.0918951315030676
-0.058079756700754596
-0.15491217395628076
-0.09299829783491392
-0.03683834557091628
-0.15939152794482972
-0.0918951315030676
-0.04366615216384932
-0.0189193999816573
-0.029349258279372903
0.043406449487842155
-0.04771424514347624
-0.09005025449417545
-0.06137154390208661
-0.15446251672479439
-0.09061140876224891
-0.04727996767799838
-0.018246060332600445
-0.030840997391710395
0.04558969604330186
-0.04771424514347624
-0.08829445642408285
-0.0690890384882299
-0.15482194206915334
-0.08387374841166026
-0.028365052375990102
-0.15446251672479439
-0.09005025449417545
-0.04480058847709368
-0.15482194206915334
-0.08829445642408285
-0.02668978526776328
-0.1478336049485952
-0.016780387418989823
-0.02177296615766157
-0.151265783816529
-0.01994466894318647
-0.028857788957117565
-0.0146899020799761
-0.025200444804312258
0.025104058257578925
-0.0146899020799761
-0.022271933743574317
0.029698138131901582
-0.0146899020799761
-0.022271933743574317
0.03978063668013237
-0.0146899020799761
-0.022271933743574317
0.04377961798769958
-0.0146899020799761
-0.02376367285591181
0.05072786379943057
-0.0146899020799761
-0.02361206364604287
0.01081256805548068
-0.020094189055145702
-0.02185028823758598
-0.0006905757414806731
-0.003432178867933757
-0.0031642815241966463
-0.007084822799455991
0.0
-0.004420708012422594
0.0016752671082268303
-0.016662010187211945
-0.01948467206034129
-0.004306698218237133
0.0
-0.0017557980700926023
0.024288450011136185
-0.016662010187211945
-0.015673782155070787
-0.05425381069674624
0.0
-0.0005611542680734516
0.01409157622408822
-0.016662010187211945
-0.015112627886997333
-0.08866115665463555
0.0
0.0
0.014413604536905263
-0.016662010187211945
-0.01381044992168393
-0.11508842661170232
0.0
0.0
0.0005815891728823707
-0.01302637798915308
-0.01381044992168393
-0.1143912928306184
-0.005404286975169601
-0.01381044992168393
-0.11157603342813166
-0.005404286975169601
-0.01008008272415486
-0.11058297387540436
-0.005404286975169601
-0.01008008272415486
-0.10381145802600061
-0.02166074076705021
-0.029152000995566297
-0.034659425293641036
-0.056811115004806796
-0.05867625603239886
0.189239104352067
-0.056811115004806796
-0.062175684672516836
0.1642806904184454
-0.012078740642441535
-0.016410088411461833
-0.050338696341523374
-0.005404286975169601
-0.01008008272415486
-0.07316769987576144
-0.027002063120085944
-0.029152000995566297
0.022217754549189075
-0.056811115004806796
-0.05867625603239886
0.27802392586869557
-0.056811115004806796
-0.05867625603239886
0.2631707805572831
-0.056811115004806796
-0.05867625603239886
0.22588166293309256
-0.012078740642441535
-0.009258516748044912
-0.031040171886339205
-0.005404286975169601
-0.0029285110607379394
-0.07479823710851546
-0.04748000093696821
-0.05152468436898193
0.28733912258100025
-0.04748000093696821
-0.05152468436898193
0.28340737632904245
-0.012078740642441535
-0.009258516748044912
-0.04477947765157836
-0.005404286975169601
-0.0029285110607379394
-0.0615775070880139
-0.027002063120085944
-0.022000429332149376
0.044998696870605356
-0.03249870806430134
-0.03623321303117415
0.28254386296508494
-0.03249870806430134
-0.04313036649747469
0.27492473496040404
-0.03884108090578736
-0.05152468436898193
0.29229310863846036
-0.021597776144916345
-0.01907191827141144
0.033959088768937475
-0.02190834715331862
-0.0294510412093793
0.27650968499484135
-0.006674453667271933
-0.006330005687306972
-0.047253258844053125
0.0
0.0
-0.046038091782055944
-0.021597776144916345
-0.01907191827141144
0.056125124036068494
-0.02190834715331862
-0.02850385870776533
0.2668635470149476
-0.02190834715331862
-0.02850385870776533
0.27168232010372145
-0.02190834715331862
-0.0294510412093793
0.2726808558752648
-0.006674453667271933
-0.006330005687306972
-0.025773072672827455
0.0
-0.006330005687306972
-0.005114219716837096
-0.03956781024393578
-0.03657654695724322
0.19533140257844583
-0.03956781024393578
-0.03869574092963754
0.12514329962053666
-0.01625645379188061
-0.01907191827141144
0.10226705162052277
-0.01625645379188061
-0.02776886666258022
0.25794089371226125
-0.01625645379188061
-0.02850385870776533
0.30367056046334934
-0.021597776144916345
-0.02850385870776533
0.2842632982966143
-0.006674453667271933
-0.006330005687306972
0.024568430549301058
0.0
-0.006330005687306972
-0.009193291684619036
-0.021597776144916345
-0.02776886666258022
0.22518924265426574
-0.021597776144916345
-0.029253437705827386
0.21659349288058574
-0.0302366961760972
-0.03657654695724322
0.22509943438103555
-0.01625645379188061
-0.016209896143928936
0.22295251542402053
-0.01625645379188061
-0.017590130811652588
0.2504265719797538
-0.01625645379188061
-0.009879890456621965
0.23214580710863958
-0.01625645379188061
-0.022173853020458354
0.22820230930528834
-0.01134653075931226
-0.004555748260170347
0.11909155958939144
-0.01134653075931226
-0.005120736172105608
0.20662049674732771
-0.006674453667271933
0.0
0.034408441758711904
-0.01134653075931226
-0.000571878647117927
0.18832217702092094
-0.01134653075931226
-0.000571878647117927
0.1824924798591826
-0.01134653075931226
-0.005120736172105608
0.21454992984187735
-0.020419967421859815
-0.03387184974942979
0.3189283813591463
-0.03540126029452668
-0.04226616762093702
0.3049820442901149
-0.04473237436236526
-0.04226616762093702
0.2615188846042711
-0.0540335568109977
-0.045765596261054996
0.20091254729621802
-0.004672077092040325
-0.000571878647117927
0.13641931616128178
-0.004672077092040325
-0.000571878647117927
0.1914462368949493
-0.004672077092040325
-0.005120736172105608
0.18014148808316552
-0.009582000124608676
-0.011260125124345616
0.22585814143045285
-0.014923322477644413
-0.022173853020458354
0.31003637096944187
-0.015233893486046686
-0.02312103552207233
0.31993411471931793
-0.049693558831346386
-0.05605684749923567
0.12187617803640395
-0.060180639825874696
-0.07300843754751948
0.09840856443384566
-0.02980905188472085
-0.029524255036832557
0.2558061713195064
-0.03515037423775659
-0.029524255036832557
0.223898529645708
-0.04445155668638903
-0.03910665447038878
0.182045049027692
-0.04445155668638903
-0.03910665447038878
0.11799208221676687
-0.00031057100840227393
-0.009431940436353887
0.21073842297887913
-0.00031057100840227393
-0.010379122937967864
0.2425505962259039
-0.011839017785701414
-0.029524255036832557
0.24729441176785508
-0.13834702521200265
-0.11119900562779891
-0.03253778475071656
-0.08581828735362672
-0.09387043681424798
-0.013387205258365727
-0.09931140599476154
-0.09772409757530487
-0.0853395189662763
-0.10446528218955155
-0.0971591096633696
-0.11446078271563764
0.0
-0.008696948391168781
0.15567384209173848
-0.13763206892781416
-0.10879921638924123
-0.013387205258365727
-0.13825388779646233
-0.11265287715029812
-0.030312598232608845
-0.13867994861348776
-0.11265287715029812
-0.026931845557701378
-0.14142366665737252
-0.11356809534560863
-0.022107303094710273
-0.09051088066786238
-0.07814358008032293
0.048483501121213204
-0.08445701192189344
-0.08023198976893844
0.03643708353208889
-0.08856266437226835
-0.08023198976893844
-0.01980329311014911
-0.08545500670995587
-0.09387043681424798
0.0020179266106560892
-0.14705268221915105
-0.09921630119117464
0.04619611359708331
-0.14018311141437206
-0.09921630119117464
0.03414969600795904
-0.14836778081977658
-0.09921630119117464
-0.02209068063427899
-0.14266529042610548
-0.10879921638924123
0.0020179266106560892
-0.04294748251326065
-0.04868521698719998
0.20367859088865373
-0.057857012678246236
-0.052184645627317956
0.1384134283082931
-0.08519067493249942
-0.06027724847074537
0.10296421046767337
-0.12241979612145631
-0.09406233441529571
-0.17778114518644883
-0.10576641682578664
-0.08283531211827479
0.1037856913291384
-0.11789400706192153
-0.08633474075839276
0.079975052071462
-0.13241007109096176
-0.08633474075839276
0.07695401891116589
-0.020477937816882265
-0.022238925307639167
0.19910204938387263
-0.030696995505294346
-0.026946219767903953
0.21569234393998407
-0.033779890361529494
-0.039293731801582285
0.20827722715008498
-0.10294421190468933
-0.0691285067870791
0.1187107286365745
-0.09605280744694686
-0.06778727537408853
0.11734685194373463
-0.09396430192261118
-0.08013478740776689
0.10745267321793604
-0.011839017785701414
-0.012019626351000783
0.14100707785459865
-0.011839017785701414
-0.013399861018724434
0.14294884882390924
-0.011839017785701414
-0.013399861018724434
0.16652689578250138
-0.011839017785701414
-0.016043132241047954
0.19795755936442205
-0.13412575443339453
-0.09095825265230087
-0.24327620772959557
-0.09381788867109808
-0.05987546288853053
0.0933767126928711
-0.0905814255854313
-0.06125569755625418
0.0943139954909228
-0.09825299046831222
-0.06125569755625418
0.11557556397269503
-0.08951663635701572
-0.06352367804699428
0.11933087408165491
-0.07651444477582622
-0.04777947955952038
-0.02867976427498734
-0.0054966449442154005
-0.004051264264608818
0.12752787717251307
-0.011839017785701414
-0.012019626351000783
0.1370379253084801
-0.07811260047637221
-0.050346156983114336
0.06385140495652425
-0.09017408252620972
-0.05012219313280056
0.08690323664113392
-0.09173700608042425
-0.0595001721569471
0.10277455695682548
-0.05380889550675118
-0.02693799766799786
0.06808402158370955
-0.06125794765971665
-0.027718100877121163
0.06336513008139671
-0.07339971099580256
-0.0391477639203193
-0.02125148803676556
-0.05936353463929532
-0.03295949493843616
0.06808402158370955
-0.06408026736995667
-0.03295949493843616
0.06336513008139671
-0.07254397901027987
-0.0391477639203193
0.059330982838132526
-0.038800402985628694
-0.026114266649217555
0.08093442400765125
-0.03911107673601184
-0.026114266649217555
0.06519573048858666
-0.047822434811360406
-0.026114266649217555
0.05645265135409333
-0.045482291751894104
-0.026894369858340858
0.08093442400765125
-0.05138406269423109
-0.032135763919655856
0.06519573048858666
-0.05934383547091541
-0.032135763919655856
0.05645265135409333
-0.023835685777448434
-0.015358793497669573
0.12337712352519921
-0.02771606994058719
-0.018409416052684542
0.10945575770874451
-0.03389558441185053
-0.018409416052684542
0.09979289878068497
-0.03517177285495679
-0.018409416052684542
0.12071754530583115
-0.039616474054802404
-0.018409416052684542
0.10945575770874451
-0.0434947986099297
-0.018409416052684542
0.09979289878068497
-0.01098427256793813
-0.009542442892630527
0.10382340947939106
-0.014626994067487162
-0.01596219980953552
0.12005826474230584
-0.014626994067487162
-0.01596219980953552
0.14513267402510652
-0.08467743758199432
-0.046070928868191745
-0.04062464053137914
-0.01705908540020709
-0.012593065447645494
0.11665347267870547
-0.019979970893882117
-0.018409416052684542
0.11207668576178814
-0.027928144914483373
-0.018409416052684542
0.13254729488140568
-0.006342372841486013
-0.003771733330599334
0.04337975364631182
-0.006342372841486013
-0.003771733330599334
0.0520530666483859
-0.01098427256793813
-0.003771733330599334
0.08309423266370868
-0.006342372841486013
-0.003771733330599334
0.08995166903453058
-0.01098427256793813
-0.003771733330599334
0.09729693224895782
-0.01098427256793813
-0.003771733330599334
0.11892957755381739
0.0
0.0
0.02037234962645643
0.0
0.0
0.02556448047920776
-0.07989798829472283
-0.04748054580594632
-0.03426336835165461
0.0
0.0
0.07408164999814396
0.0
0.0
0.07949963824184687
0.0
0.0
0.02137773266173979
0.0
0.0
0.0094655039252669
0.0
0.0
0.014701474670344933
0.0
0.0
0.022153563914575826
0.0
0.0
0.043398071121346596
0.0
0.0
0.05296744953468027
0.0
0.0
0.0
0.0
0.0
0.0
0.0
0.0
0.0031263618218230517
0.0
0.0
0.0
0.0
0.0
0.0
0.0
0.0
0.0031263618218230517
-0.09807499269059138
-0.035038559008729354
-0.014802102935970183
-0.060007072138163704
-0.04659469166521333
-0.07082107204923657
-0.1512859220794095
-0.12136208971317985
-0.15281153313584617
-0.05303156060709644
-0.0863235307044505
-0.12252482980439787
-0.14532153963403915
-0.12136208971317985
-0.14546137874747472
-0.03647591927459406
-0.05119185711770093
-0.11473754051788405
-0.14945829883761
-0.12136208971317985
-0.12567131387133032
-0.09127884994124581
-0.07476739804796652
-0.08199046108660965
-0.10314217516085877
-0.07415611305562668
-0.08070496354062434
-0.1036193073540039
-0.07027010040592863
-0.08545341165436657
0.0
0.0
0.03708370781368079
0.0
-0.001558190686396621
0.15358386735378968
0.0
-0.001558190686396621
0.11100570082846806
0.0
-0.001558190686396621
0.11100570082846806
0.0
-0.001558190686396621
0.10757827177629262
0.0
-0.001558190686396621
0.10757827177629262
0.0
0.0
0.05429907463029178
0.0
-0.001558190686396621
0.1202206583486818
0.0
-0.001558190686396621
0.06592158371839005
0.0
-0.001558190686396621
0.11650015954010884
0.0
-0.0005649879119352619
0.0875289371579363
-0.00031057100840227393
-0.0007349920451851055
0.09253116923151161
-0.0776776185713143
-0.04748054580594632
-0.07862668528276719
-0.08246627408780707
-0.04688958147943993
-0.08039132074729811
-0.08641397268261082
-0.047855836537529756
-0.05095133180980635
-0.06535581194165252
-0.040841055606184576
-0.09834549199624949
-0.07874240779972988
-0.047855836537529756
-0.048634853332986436
-0.08197887088539668
-0.047855836537529756
-0.047630365161727584
-0.06018441156108169
-0.040841055606184576
-0.10082455393214901
-0.06281893431252598
-0.03415009513107481
-0.09989289955951548
-0.06003699438367527
-0.03415009513107481
-0.05843837623683107
-0.04721939615846228
-0.0260574922876474
-0.02601019155650743
-0.05654180155128856
-0.02107272111085173
-0.0022873875241298694
-0.055726099492478566
-0.01898431142223622
-0.0022873875241298694
-0.05980511644750817
-0.01898431142223622
-0.0022873875241298694
-0.057210283716149536
-0.014928779574993242
0.0
-0.051813781574187395
-0.014928779574993242
0.0
-0.03894248180170075
-0.014928779574993242
0.0
-0.03421466642393614
-0.014928779574993242
0.0
-0.019003870535916147
-0.010808812539144163
0.0
-0.003910699770205781
-0.010808812539144163
0.0
-0.00972223189614542
-0.010808812539144163
0.0
-0.005133547702000913
-3.697140913427421e-05
0.0
-0.006440530237605803
-3.697140913427421e-05
0.0
-0.005186074554067658
-3.697140913427421e-05
0.0
-0.008401501507026335
-3.697140913427421e-05
0.0
-0.09228997902694276
-0.035038559008729354
-0.02293654894307682
-0.04454155045233394
-0.04659469166521333
-0.07134644261765595
-0.010713461970246738
-0.005061415300004946
0.0
-0.1411715231782958
-0.12136208971317985
-0.11716243235161333
-0.07093377900444184
-0.035038559008729354
-0.02293654894307682
-0.0241133328233771
-0.04538353875860423
-0.06288124255320554
-0.0022654056867980193
-0.005061415300004946
0.0
-0.13037174229661871
-0.12136208971317985
-0.11091572126118758
-0.13041805566391165
-0.11827215776353855
-0.11009804944675042
-0.12253037335481697
-0.04805263224311055
-0.09918902514973528
-0.0625347047887656
-0.029212198899430605
-0.02293654894307682
-0.012429133276936651
-0.03636527737029706
-0.059578769521863424
-0.02588373238434446
-0.048101925168059646
-0.09799603497750212
-0.010176591544840696
-0.03769968986060711
-0.08676143733885208
-0.12067217689385774
-0.03967369657577832
-0.09918902514973528
-0.11140048464595124
-0.04085957492602283
-0.08676143733885208
-0.10923799900792301
-0.03581755689002508
-0.0788974337530468
-0.04818335152654586
-0.01935456225916365
-0.02293654894307682
-0.008935141632767223
-0.021695377705725747
-0.040098052150849633
0.009273293703216619
-0.023184447714339383
-0.06343874278630549
-0.10373648710686968
-0.029912187853926842
-0.07219174891221504
-0.10291797399727214
-0.028208891605210056
-0.06343874278630549
-0.10574400736375363
-0.023184447714339383
-0.0535787310365777
-0.032085034485936456
-0.008660676535871978
-0.014482951403146167
0.019574255544435447
-0.013628993232220327
-0.037408847289968426
-0.08760825514568459
-0.013628993232220327
-0.04511417774223415
-0.08919038462963429
-0.013628993232220327
-0.037408847289968426
-0.015626203591374163
-0.008660676535871978
-0.006349834968385651
0.015253606717437621
-0.016025935873304746
-0.01856719794729159
-0.08155525901354878
-0.01192456776857213
-0.032145337788629005
-0.07790104489024983
-0.00799079153227023
-0.029335927791568787
-0.05943796329217695
-0.0863235307044505
-0.08797917231811078
0.03422643160933716
-0.006847122304578478
-0.022908531354107423
-0.07252183997198099
-0.006847122304578478
-0.022908531354107423
-0.0581374721050922
-0.010461497676347714
-0.07625247620665845
-0.05555313558032383
-0.010557625594763191
-0.04925519996913819
-0.05552322065974811
-0.004968316696348349
-0.030631226339087977
-0.06227484129887565
0.0006698850036017488
-0.022986092823183136
0.013412534765325149
0.00040644129011045737
-0.009301990529970149
-0.08339633096566122
0.00040644129011045737
-0.01921195146895567
-0.09662997272596187
-0.07476739804796652
-0.04581598973395738
-0.09841704053143989
-0.002669093484506319
-0.036307782596529746
-0.09680886573098636
0.00054772048027198
-0.019318664231183367
-0.1036193073540039
-0.07027010040592863
-0.031050685155826943
-0.10226891759276918
-0.0679995109483325
-0.03217989429954195
0.0
0.0
0.08058247087489807
0.0
0.0
0.0
0.0
0.0
0.0007758312528360337
0.0
0.0
0.04657191538821881
0.0
0.0
0.053709300371687536
0.0
0.0
0.05393515776263914
0.0
0.0
0.03393256719607969
0.0
0.0
0.03826597486433534
-0.004641899726452117
0.0
0.04524386560057194
0.0
0.0
0.035835344890108735
0.0010450244916586726
-0.0031598850654157217
0.0
-0.00544299611917058
-0.0050244438908706715
0.0
-0.006946414064234465
0.0
0.0
0.019091708357455113
-0.0034314831011308658
-0.012612836410664343
0.015610482093103444
-0.0007178061330304429
-0.0027028754716788227
0.019808365298725136
-0.0034314831011308658
-0.009623590812022407
0.019808365298725136
-0.0034314831011308658
-0.009623590812022407
0.019384458373093577
-0.0007178061330304429
-0.0027028754716788227
0.0005419653428137392
0.0
0.0
0.027242800958140505
-0.002038720935738816
-0.0027028754716788227
0.026038122421689586
-0.0034314831011308658
-0.012612836410664343
0.026700835615326764
-0.002038720935738816
-0.0027028754716788227
0.019391902807397908
-0.0017110896509927543
0.00011943066972325056
0.019391902807397908
-0.0017110896509927543
0.00011943066972325056
-0.09680886573098636
-0.0014890700086136383
-0.013480678885728067
-0.09680886573098636
0.004101368104732614
-0.013578139841337418
-0.10226891759276918
-0.06510881729547396
-0.01093377335344627
-0.10226891759276918
-0.06510881729547396
-0.01210201446924831
0.0
0.0
0.0033360751336122974
0.0
0.0
-0.005829697161738371
0.0
-0.001462344410532097
0.06496808719348951
0.0
-0.001462344410532097
0.06496808719348951
0.0
0.0
0.0176483262425953
0.0
0.0
0.0176483262425953
-0.006074812832268961
-0.003050622555014968
0.012830063199314418
-0.013301150846996207
-0.0024472162431490216
-0.012585379143700805
-0.011336087077508345
-0.003050622555014968
-0.0026595782193680507
-0.011900404114215207
0.0
0.0
-0.009599214198079159
0.0
0.0
-0.006681888766265409
-0.000780103209123304
0.0
-0.012272985958219245
-0.006021497270438303
0.0
-0.011521400659554999
-0.006021497270438303
0.0
-0.005554639132544139
-0.006021497270438303
0.0
-0.002822319710240038
-0.005241394061314999
0.0
0.0008557319855226808
0.0
0.0
-0.0012875846921437174
-0.0018316853784088494
0.0
0.009653389529430305
0.0
0.00011943066972325056
0.009653389529430305
0.0
0.00011943066972325056
-0.0019856045897957485
0.0
0.0
0.006745449348866615
0.0
0.0
0.008731053938662364
0.0
0.0
-0.09680886573098636
0.0
-0.00990996093898552
0.00377397627999013
0.0
0.0
-0.10226891759276918
0.0
0.0
-0.10674827158131814
0.0
0.0
-0.10674827158131814
0.0
0.0
-0.10674827158131814
0.0
0.0
0.0
0.0
0.05502692073366754
0.0
0.0
0.0
-0.0053529768263949505
-0.0024472162431490216
-0.007981578980517696
0.0
0.0
0.0
0.0
0.0
0.0
-0.0020163685927515828
0.0
0.0
0.0
0.0
0.0
0.0
0.0
0.0
0.0
0.0
0.0
0.0
0.0
0.0
0.0
0.0
0.0
0.0
0.0
0.0
0.0
0.0
0.0
0.0
0.0
0.0
0.0
0.0
0.0
0.0
0.0
0.0
0.0
0.0
0.0
0.0
0.0
0.0
0.0
0.0
0.0
0.0
0.0
0.0
0.0
0.0
0.0
0.0
0.0
0.0
0.0
0.0
0.0
0.0
0.0
0.0
0.0
0.0
0.0
0.0
0.0
0.0
0.0
0.0
0.0
0.0
0.0
0.0
0.0
0.0
0.0
0.0
0.0
0.0
0.0
0.0
0.0
0.0
0.0
0.0
0.0
0.0
0.0
0.0
0.0
0.0
0.0
0.0
0.0
0.0
0.0
0.0
0.0
0.0
0.0
0.0
0.0
0.0
0.0
0.0
0.0
0.0
0.0
0.0
0.0
0.0
0.0
0.0
0.0
0.0
0.0
0.0
0.0
0.0
0.0
0.0
0.0
0.0
0.0
0.0
0.0
0.0
0.0
0.0
0.0
0.0
0.0
0.0
0.0
0.0
0.0
0.0
0.0
0.0
0.0
0.0
0.0
0.0
0.0
0.0
0.0
0.0
0.0
0.0
0.0
0.0
0.0
0.0
0.0
0.0
0.0
0.0
0.0
0.0
0.0
0.0
0.0
0.0
0.0
0.0
0.0
0.0
0.0
0.0
0.0
0.0
0.0
0.0
0.0
0.0
0.0
0.0
0.0
0.0
0.0
0.0
0.0
0.0
0.0
0.0
0.0
0.0
0.0
0.0
0.0
0.0
0.0
0.0
0.0
0.0
0.0
0.0
0.0
0.0
0.0
0.0
0.0
0.0
0.0
0.0
0.0
0.0
0.0
0.0
0.0
0.0
0.0
0.0
0.0
0.0
0.0
0.0
0.0
0.0
0.0
0.0
0.0
0.0
0.0
0.0
0.0
0.0
0.0
0.0
0.0
0.0
0.0
0.0
0.0
0.0
0.0
0.0
0.0
0.0
0.0
0.0
0.0
0.0
0.0
0.0
0.0
0.0
0.0
0.0
0.0
0.0
0.0
0.0
0.0
0.0
0.0
0.0
0.0
0.0
0.0
0.0
0.0
0.0
0.0
0.0
0.0
0.0
0.0
0.0
0.0
0.0
0.0
0.0
0.0
0.0
0.0
0.0
0.0
0.0
0.0
0.0
0.0
0.0
0.0
0.0
0.0
0.0
0.0
0.0
0.0
0.0
0.0
0.0
0.0
0.0
0.0
0.0
0.0
0.0
0.0
0.0
0.0
0.0
0.0
0.0
0.0
0.0
0.0
0.0
0.0
0.0
0.0
0.0
0.0
0.0
0.0
0.0
0.0
0.0
0.0
0.0
0.0
0.0
0.0
0.0
0.0
0.0
0.0
0.0
0.0
0.0
0.0
0.0
0.0
0.0
0.0
0.0
0.0
0.0
0.0
0.0
0.0
0.0
0.0
0.0
0.0
0.0
0.0
0.0
0.0
0.0
0.0
0.0
0.0
0.0
0.0
0.0
0.0
0.0
0.0
0.0
0.0
0.0
0.0
0.0
0.0
0.0
0.0
0.0
0.0
0.0
0.0
0.0
0.0
0.0
0.0
0.0
0.0
0.0
0.0
0.0
0.0
0.0
0.0
0.0
0.0
0.0
0.0
0.0
0.0
0.0
0.0
0.0
0.0
0.0
0.0
0.0
0.0
0.0
0.0
0.0
0.0
0.0
0.0
0.0
0.0
0.0
0.0
0.0
0.0
0.0
0.0
0.0
0.0
0.0
0.0
0.0
0.0
0.0
0.0
0.0
0.0
0.0
0.0
0.0
0.0
0.0
0.0
0.0
0.0
0.0
0.0
0.0
0.0
0.0
0.0
0.0
0.0
0.0
0.0
0.0
0.0
0.0
0.0
0.0
0.0
0.0
0.0
0.0
0.0
0.0
0.0
0.0
0.0
0.0
0.0
0.0
0.0
0.0
0.0
0.0
0.0
0.0
0.0
0.0
0.0
0.0
0.0
0.0
0.0
0.0
0.0
0.0
0.0
0.0
0.0
0.0
0.0
0.0
0.0
0.0
0.0
0.0
0.0
0.0
0.0
0.0
0.0
0.0
0.0
0.0
0.0
0.0
0.0
0.0
0.0
0.0
0.0
0.0
0.0
0.0
0.0
0.0
0.0
0.0
0.0
0.0
0.0
0.0
0.0
0.0
0.0
0.0
0.0
0.0
0.0
0.0
0.0
0.0
0.0
0.0
0.0
0.0
0.0
0.0
0.0
0.0
0.0
0.0
0.0
0.0
0.0
0.0
0.0
0.0
0.0
0.0
0.0
0.0
0.0
0.0
0.0
0.0
0.0
0.0
0.0
0.0
0.0
0.0
0.0
0.0
0.0
0.0
0.0
0.0
0.0
0.0
0.0
0.0
0.0
0.0
0.0
0.0
0.0
0.0
0.0
0.0
0.0
0.0
0.0
0.0
0.0
0.0
0.0
0.0
0.0
0.0
0.0
0.0
0.0
0.0
0.0
0.0
0.0
0.0
0.0
0.0
0.0
0.0
0.0
0.0
0.0
0.0
0.0
0.0
0.0
0.0
0.0
0.0
0.0
0.0
0.0
0.0
0.0
0.0
0.0
0.0
0.0
0.0
0.0
0.0
0.0
0.0
0.0
0.0
0.0
0.0
0.0
0.0
0.0
0.0
0.0
0.0
0.0
0.0
0.0
0.0
0.0
0.0
0.0
0.0
0.0
0.0
0.0
0.0
0.0
0.0
0.0
0.0
0.0
0.0
0.0
0.0
0.0
0.0
0.0
0.0
0.0
0.0
0.0
0.0
0.0
0.0
0.0
0.0
0.0
0.0
0.0
0.0
0.0
0.0
0.0
0.0
0.0
0.0
0.0
0.0
0.0
0.0
0.0
0.0
0.0
0.0
0.0
0.0
0.0
0.0
0.0
0.0
0.0
0.0
0.0
0.0
0.0
0.0
0.0
0.0
0.0
0.0
0.0
0.0
0.0
0.0
0.0
0.0
0.0
0.0
0.0
0.0
0.0
0.0
0.0
0.0
0.0
0.0
0.0
0.0
0.0
0.0
0.0
0.0
0.0
0.0
0.0
0.0
0.0
0.0
0.0
0.0
0.0
0.0
0.0
0.0
0.0
0.0
0.0
0.0
0.0
0.0
0.0
0.0
0.0
0.0
0.0
0.0
0.0
0.0
0.0
0.0
0.0
0.0
0.0
0.0
0.0
0.0
0.0
0.0
0.0
0.0
0.0
0.0
0.0
0.0
0.0
0.0
0.0
0.0
0.0
0.0
0.0
0.0
0.0
0.0
0.0
0.0
0.0
0.0
0.0
0.0
0.0
0.0
0.0
0.0
0.0
0.0
0.0
0.0
0.0
0.0
0.0
0.0
0.0
0.0
0.0
0.0
0.0
0.0
0.0
0.0
0.0
0.0
0.0
0.0
0.0
0.0
0.0
0.0
0.0
0.0
0.0
0.0
0.0
0.0
0.0
0.0
0.0
0.0
0.0
0.0
0.0
0.0
0.0
0.0
0.0
0.0
0.0
0.0
0.0
0.0
0.0
0.0
0.0
0.0
0.0
0.0
0.0
0.0
0.0
0.0
0.0
0.0
0.0
0.0
0.0
0.0
0.0
0.0
0.0
0.0
0.0
0.0
0.0
0.0
0.0
0.0
0.0
0.0
0.0
0.0
0.0
0.0
0.0
0.0
0.0
0.0
0.0
0.0
0.0
0.0
0.0
0.0
0.0
0.0
0.0
0.0
0.0
0.0
0.0
0.0
0.0
0.0
0.0
0.0
0.0
0.0
0.0
0.0
0.0
0.0
0.0
0.0
0.0
0.0
0.0
0.0
0.0
0.0
0.0
0.0
0.0
0.0
0.0
0.0
0.0
0.0
0.0
0.0
0.0
0.0
0.0
0.0
0.0
0.0
0.0
0.0
0.0
0.0
0.0
0.0
0.0
0.0
0.0
0.0
0.0
0.0
0.0
0.0
0.0
0.0
0.0
0.0
0.0
0.0
0.0
0.0
0.0
0.0
0.0
0.0
0.0
0.0
0.0
0.0
0.0
0.0
0.0
0.0
0.0
0.0
0.0
0.0
0.0
0.0
0.0
0.0
0.0
0.0
0.0
0.0
0.0
0.0
0.0
0.0
0.0
0.0
0.0
0.0
0.0
0.0
0.0
0.0
0.0
0.0
0.0
0.0
0.0
0.0
0.0
0.0
0.0
0.0
0.0
0.0
0.0
0.0
0.0
0.0
0.0
0.0
0.0
0.0
0.0
0.0
0.0
0.0
0.0
0.0
0.0
0.0
0.0
0.0
0.0
0.0
0.0
0.0
0.0
0.0
0.0
0.0
0.0
0.0
0.0
0.0
0.0
0.0
0.0
0.0
0.0
0.0
0.0
0.0
0.0
0.0
0.0
0.0
0.0
0.0
0.0
0.0
0.0
0.0
0.0
0.0
0.0
0.0
0.0
0.0
0.0
0.0
0.0
0.0
0.0
0.0
0.0
0.0
0.0
0.0
0.0
0.0
0.0
0.0
0.0
0.0
0.0
0.0
0.0
0.0
0.0
0.0
0.0
0.0
0.0
0.0
0.0
0.0
0.0
0.0
0.0
0.0
0.0
0.0
0.0
0.0
0.0
0.0
0.0
0.0
0.0
0.0
0.0
0.0
0.0
0.0
0.0
0.0
0.0
0.0
0.0
0.0
0.0
0.0
0.0
0.0
0.0
0.0
0.0
0.0
0.0
0.0
0.0
0.0
0.0
0.0
0.0
0.0
0.0
0.0
0.0
0.0
0.0
0.0
0.0
0.0
0.0
0.0
0.0
0.0
0.0
0.0
0.0
0.0
0.0
0.0
0.0
0.0
0.0
0.0
0.0
0.0
0.0
0.0
0.0
0.0
0.0
0.0
0.0
0.0
0.0
0.0
0.0
0.0
0.0
0.0
0.0
0.0
0.0
0.0
0.0
0.0
0.0
0.0
0.0
0.0
0.0
0.0
0.0
0.0
0.0
0.0
0.0
0.0
0.0
0.0
0.0
0.0
0.0
0.0
0.0
0.0
0.0
0.0
0.0
0.0
0.0
0.0
0.0
0.0
0.0
0.0
0.0
0.0
0.0
0.0
0.0
0.0
0.0
0.0
0.0
0.0
0.0
0.0
0.0
0.0
0.0
0.0
0.0
0.0
0.0
0.0
0.0
0.0
0.0
0.0
0.0
0.0
0.0
0.0
0.0
0.0
0.0
0.0
0.0
0.0
0.0
0.0
0.0
0.0
0.0
0.0
0.0
0.0
0.0
0.0
0.0
0.0
0.0
0.0
0.0
0.0
0.0
0.0
0.0
0.0
0.0
0.0
0.0
0.0
0.0
0.0
0.0
0.0
0.0
0.0
0.0
0.0
0.0
0.0
0.0
0.0
0.0
0.0
0.0
0.0
0.0
0.0
0.0
0.0
0.0
0.0
0.0
0.0
0.0
0.0
0.0
0.0
0.0
0.0
0.0
0.0
0.0
0.0
0.0
0.0
0.0
0.0
0.0
0.0
0.0
0.0
0.0
0.0
0.0
0.0
0.0
0.0
0.0
0.0
0.0
0.0
0.0
0.0
0.0
0.0
0.0
0.0
0.0
0.0
0.0
0.0
0.0
0.0
0.0
0.0
0.0
0.0
0.0
0.0
0.0
0.0
0.0
0.0
0.0
0.0
0.0
0.0
0.0
0.0
0.0
0.0
0.0
0.0
0.0
0.0
0.0
0.0
0.0
0.0
0.0
0.0
0.0
0.0
0.0
0.0
0.0
0.0
0.0
0.0
0.0
0.0
0.0
0.0
0.0
0.0
0.0
0.0
0.0
0.0
0.0
0.0
0.0
0.0
0.0
0.0
0.0
0.0
0.0
0.0
0.0
0.0
0.0
0.0
0.0
0.0
0.0
0.0
0.0
0.0
0.0
0.0
0.0
0.0
0.0
0.0
0.0
0.0
0.0
0.0
0.0
0.0
0.0
0.0
0.0
0.0
0.0
0.0
0.0
0.0
0.0
0.0
0.0
0.0
0.0
0.0
0.0
0.0
0.0
0.0
0.0
0.0
0.0
0.0
0.0
0.0
0.0
0.0
0.0
0.0
0.0
0.0
0.0
0.0
0.0
0.0
0.0
0.0
0.0
0.0
0.0
0.0
0.0
0.0
0.0
0.0
0.0
0.0
0.0
0.0
0.0
0.0
0.0
0.0
0.0
0.0
0.0
0.0
0.0
0.0
0.0
0.0
0.0
0.0
0.0
0.0
0.0
0.0
0.0
0.0
0.0
0.0
0.0
0.0
0.0
0.0
0.0
0.0
0.0
0.0
0.0
0.0
0.0
0.0
0.0
0.0
0.0
0.0
0.0
0.0
0.0
0.0
0.0
0.0
0.0
0.0
0.0
0.0
0.0
0.0
0.0
0.0
0.0
0.0
0.0
0.0
0.0
0.0
0.0
0.0
0.0
0.0
0.0
0.0
0.0
0.0
0.0
0.0
0.0
0.0
0.0
0.0
0.0
0.0
0.0
0.0
0.0
0.0
0.0
0.0
0.0
0.0
0.0
0.0
0.0
0.0
0.0
0.0
0.0
0.0
0.0
0.0
0.0
0.0
0.0
0.0
0.0
0.0
0.0
0.0
0.0
0.0
0.0
0.0
0.0
0.0
0.0
0.0
0.0
0.0
0.0
0.0
0.0
0.0
0.0
0.0
0.0
0.0
0.0
0.0
0.0
0.0
0.0
0.0
0.0
0.0
0.0
0.0
0.0
0.0
0.0
0.0
0.0
0.0
0.0
0.0
0.0
0.0
0.0
0.0
0.0
0.0
0.0
0.0
0.0
0.0
0.0
0.0
0.0
0.0
0.0
0.0
0.0
0.0
0.0
0.0
0.0
0.0
0.0
0.0
0.0
0.0
0.0
0.0
0.0
0.0
0.0
0.0
0.0
0.0
0.0
0.0
0.0
0.0
0.0
0.0
0.0
0.0
0.0
0.0
0.0
0.0
0.0
0.0
0.0
0.0
0.0
0.0
0.0
0.0
0.0
0.0
0.0
0.0
0.0
0.0
0.0
0.0
0.0
0.0
0.0
0.0
0.0
0.0
0.0
0.0
0.0
0.0
0.0
0.0
0.0
0.0
0.0
0.0
0.0
0.0
0.0
0.0
0.0
0.0
0.0
0.0
0.0
0.0
0.0
0.0
0.0
0.0
0.0
0.0
0.0
0.0
0.0
0.0
0.0
0.0
0.0
0.0
0.0
0.0
0.0
0.0
0.0
0.0
0.0
0.0
0.0
0.0
0.0
0.0
0.0
0.0
0.0
0.0
0.0
0.0
0.0
0.0
0.0
0.0
0.0
0.0
0.0
0.0
0.0
0.0
0.0
0.0
0.0
0.0
0.0
0.0
0.0
0.0
0.0
0.0
0.0
0.0
0.0
0.0
0.0
0.0
0.0
0.0
0.0
0.0
0.0
0.0
0.0
0.0
0.0
0.0
0.0
0.0
0.0
0.0
0.0
0.0
0.0
0.0
0.0
0.0
0.0
0.0
0.0
0.0
0.0
0.0
0.0
0.0
0.0
0.0
0.0
0.0
0.0
0.0
0.0
0.0
0.0
0.0
0.0
0.0
0.0
0.0
0.0
0.0
0.0
0.0
0.0
0.0
0.0
0.0
0.0
0.0
0.0
0.0
0.0
0.0
0.0
0.0
0.0
0.0
0.0
0.0
0.0
0.0
0.0
0.0
0.0
0.0
0.0
0.0
0.0
0.0
0.0
0.0
0.0
0.0
0.0
0.0
0.0
0.0
0.0
0.0
0.0
0.0
0.0
0.0
0.0
0.0
0.0
0.0
0.0
0.0
0.0
0.0
0.0
0.0
0.0
0.0
0.0
0.0
0.0
0.0
0.0
0.0
0.0
0.0
0.0
0.0
0.0
0.0
0.0
0.0
0.0
0.0
0.0
0.0
0.0
0.0
0.0
0.0
0.0
0.0
0.0
0.0
0.0
0.0
0.0
0.0
0.0
0.0
0.0
0.0
0.0
0.0
0.0
0.0
0.0
0.0
0.0
0.0
0.0
0.0
0.0
0.0
0.0
0.0
0.0
0.0
0.0
0.0
0.0
0.0
0.0
0.0
0.0
0.0
0.0
0.0
0.0
0.0
0.0
0.0
0.0
0.0
0.0
0.0
0.0
0.0
0.0
0.0
0.0
0.0
0.0
0.0
0.0
0.0
0.0
0.0
0.0
0.0
0.0
0.0
0.0
0.0
0.0
0.0
0.0
0.0
0.0
0.0
0.0
0.0
0.0
0.0
0.0
0.0
0.0
0.0
0.0
0.0
0.0
0.0
0.0
0.0
0.0
0.0
0.0
0.0
0.0
0.0
0.0
0.0
0.0
0.0
0.0
0.0
0.0
0.0
0.0
0.0
0.0
0.0
0.0
0.0
0.0
0.0
0.0
0.0
0.0
0.0
0.0
0.0
0.0
0.0
0.0
0.0
0.0
0.0
0.0
0.0
0.0
0.0
0.0
0.0
0.0
0.0
0.0
0.0
0.0
0.0
0.0
0.0
0.0
0.0
0.0
0.0
0.0
0.0
0.0
0.0
0.0
0.0
0.0
0.0
0.0
0.0
0.0
0.0
0.0
0.0
0.0
0.0
0.0
0.0
0.0
0.0
0.0
0.0
0.0
0.0
0.0
0.0
0.0
0.0
0.0
0.0
0.0
0.0
0.0
0.0
0.0
0.0
0.0
0.0
0.0
0.0
0.0
0.0
0.0
0.0
0.0
0.0
0.0
0.0
0.0
0.0
0.0
0.0
0.0
0.0
0.0
0.0
0.0
0.0
0.0
0.0
0.0
0.0
0.0
0.0
0.0
0.0
0.0
0.0
0.0
0.0
0.0
0.0
0.0
0.0
0.0
0.0
0.0
0.0
0.0
0.0
0.0
0.0
0.0
0.0
0.0
0.0
0.0
0.0
0.0
0.0
0.0
0.0
0.0
0.0
0.0
0.0
0.0
0.0
0.0
0.0
0.0
0.0
0.0
0.0
0.0
0.0
0.0
0.0
0.0
0.0
0.0
0.0
0.0
0.0
0.0
0.0
0.0
0.0
0.0
0.0
0.0
0.0
0.0
0.0
0.0
0.0
0.0
0.0
0.0
0.0
0.0
0.0
0.0
0.0
0.0
0.0
0.0
0.0
0.0
0.0
0.0
0.0
0.0
0.0
0.0
0.0
0.0
0.0
0.0
0.0
0.0
0.0
0.0
0.0
0.0
0.0
0.0
0.0
0.0
0.0
0.0
0.0
0.0
0.0
0.0
0.0
0.0
0.0
0.0
0.0
0.0
0.0
0.0
0.0
0.0
0.0
0.0
0.0
0.0
0.0
0.0
0.0
0.0
0.0
0.0
0.0
0.0
0.0
0.0
0.0
0.0
0.0
0.0
0.0
0.0
0.0
0.0
0.0
0.0
0.0
0.0
0.0
0.0
0.0
0.0
0.0
0.0
0.0
0.0
0.0
0.0
0.0
0.0
0.0
0.0
0.0
0.0
0.0
0.0
0.0
0.0
0.0
0.0
0.0
0.0
0.0
0.0
0.0
0.0
0.0
0.0
0.0
0.0
0.0
0.0
0.0
0.0
0.0
0.0
0.0
0.0
0.0
0.0
0.0
0.0
0.0
0.0
0.0
0.0
0.0
0.0
0.0
0.0
0.0
0.0
0.0
0.0
0.0
0.0
0.0
0.0
0.0
0.0
0.0
0.0
0.0
0.0
0.0
0.0
0.0
0.0
0.0
0.0
0.0
0.0
0.0
0.0
0.0
0.0
0.0
0.0
0.0
0.0
0.0
0.0
0.0
0.0
0.0
0.0
0.0
0.0
0.0
0.0
0.0
0.0
0.0
0.0
0.0
0.0
0.0
0.0
0.0
0.0
0.0
0.0
0.0
0.0
0.0
0.0
0.0
0.0
0.0
0.0
0.0
0.0
0.0
0.0
0.0
0.0
0.0
0.0
0.0
0.0
0.0
0.0
0.0
0.0
0.0
0.0
0.0
0.0
0.0
0.0
0.0
0.0
0.0
0.0
0.0
0.0
0.0
0.0
0.0
0.0
0.0
0.0
0.0
0.0
0.0
0.0
0.0
0.0
0.0
0.0
0.0
0.0
0.0
0.0
0.0
0.0
0.0
0.0
0.0
0.0
0.0
0.0
0.0
0.0
0.0
0.0
0.0
0.0
0.0
0.0
0.0
0.0
0.0
0.0
0.0
0.0
0.0
0.0
0.0
0.0
0.0
0.0
0.0
0.0
0.0
0.0
0.0
0.0
0.0
0.0
0.0
0.0
0.0
0.0
0.0
0.0
0.0
0.0
0.0
0.0
0.0
0.0
0.0
0.0
0.0
0.0
0.0
0.0
0.0
0.0
0.0
0.0
0.0
0.0
0.0
0.0
0.0
0.0
0.0
0.0
0.0
0.0
0.0
0.0
0.0
0.0
0.0
0.0
0.0
0.0
0.0
0.0
0.0
0.0
0.0
0.0
0.0
0.0
0.0
0.0
0.0
0.0
0.0
0.0
0.0
0.0
0.0
0.0
0.0
0.0
0.0
0.0
0.0
0.0
0.0
0.0
0.0
0.0
0.0
0.0
0.0
0.0
0.0
0.0
0.0
0.0
0.0
0.0
0.0
0.0
0.0
0.0
0.0
0.0
0.0
0.0
0.0
0.0
0.0
0.0
0.0
0.0
0.0
0.0
0.0
0.0
0.0
0.0
0.0
0.0
0.0
0.0
0.0
0.0
0.0
0.0
0.0
0.0
0.0
0.0
0.0
0.0
0.0
0.0
0.0
0.0
0.0
0.0
0.0
0.0
0.0
0.0
0.0
0.0
0.0
0.0
0.0
0.0
0.0
0.0
0.0
0.0
0.0
0.0
0.0
0.0
0.0
0.0
0.0
0.0
0.0
0.0
0.0
0.0
0.0
0.0
0.0
0.0
0.0
0.0
0.0
0.0
0.0
0.0
0.0
0.0
0.0
0.0
0.0
0.0
0.0
0.0
0.0
0.0
0.0
0.0
0.0
0.0
0.0
0.0
0.0
0.0
0.0
0.0
0.0
0.0
0.0
0.0
0.0
0.0
0.0
0.0
0.0
0.0
0.0
0.0
0.0
0.0
0.0
0.0
0.0
0.0
0.0
0.0
0.0
0.0
0.0
0.0
0.0
0.0
0.0
0.0
0.0
0.0
0.0
0.0
0.0
0.0
0.0
0.0
0.0
0.0
0.0
0.0
0.0
0.0
0.0
0.0
0.0
0.0
0.0
0.0
0.0
0.0
0.0
0.0
0.0
0.0
0.0
0.0
0.0
0.0
0.0
0.0
0.0
0.0
0.0
0.0
0.0
0.0
0.0
0.0
0.0
0.0
0.0
0.0
0.0
0.0
0.0
0.0
0.0
0.0
0.0
0.0
0.0
0.0
0.0
0.0
0.0
0.0
0.0
0.0
0.0
0.0
0.0
0.0
0.0
0.0
0.0
0.0
0.0
0.0
0.0
0.0
0.0
0.0
0.0
0.0
0.0
0.0
0.0
0.0
0.0
0.0
0.0
0.0
0.0
0.0
0.0
0.0
0.0
0.0
0.0
0.0
0.0
0.0
0.0
0.0
0.0
0.0
0.0
0.0
0.0
0.0
0.0
0.0
0.0
0.0
0.0
0.0
0.0
0.0
0.0
0.0
0.0
0.0
0.0
0.0
0.0
0.0
0.0
0.0
0.0
0.0
0.0
0.0
0.0
0.0
0.0
0.0
0.0
0.0
0.0
0.0
0.0
0.0
0.0
0.0
0.0
0.0
0.0
0.0
0.0
0.0
0.0
0.0
0.0
0.0
0.0
0.0
0.0
0.0
0.0
0.0
0.0
0.0
0.0
0.0
0.0
0.0
0.0
0.0
0.0
0.0
0.0
0.0
0.0
0.0
0.0
0.0
0.0
0.0
0.0
0.0
0.0
0.0
0.0
0.0
0.0
0.0
0.0
0.0
0.0
0.0
0.0
0.0
0.0
0.0
0.0
0.0
0.0
0.0
0.0
0.0
0.0
0.0
0.0
0.0
0.0
0.0
0.0
0.0
0.0
0.0
0.0
0.0
0.0
0.0
0.0
0.0
0.0
0.0
0.0
0.0
0.0
0.0
0.0
0.0
0.0
0.0
0.0
0.0
0.0
0.0
0.0
0.0
0.0
0.0
0.0
0.0
0.0
0.0
0.0
0.0
0.0
0.0
0.0
0.0
0.0
0.0
0.0
0.0
0.0
0.0
0.0
0.0
0.0
0.0
0.0
0.0
0.0
0.0
0.0
0.0
0.0
0.0
0.0
0.0
0.0
0.0
0.0
0.0
0.0
0.0
0.0
0.0
0.0
0.0
0.0
0.0
0.0
0.0
0.0
0.0
0.0
0.0
0.0
0.0
0.0
0.0
0.0
0.0
0.0
0.0
0.0
0.0
0.0
0.0
0.0
0.0
0.0
0.0
0.0
0.0
0.0
0.0
0.0
0.0
0.0
0.0
0.0
0.0
0.0
0.0
0.0
0.0
0.0
0.0
0.0
0.0
0.0
0.0
0.0
0.0
0.0
0.0
0.0
0.0
0.0
0.0
0.0
0.0
0.0
0.0
0.0
0.0
0.0
0.0
0.0
0.0
0.0
0.0
0.0
0.0
0.0
0.0
0.0
0.0
0.0
0.0
0.0
0.0
0.0
0.0
0.0
0.0
0.0
0.0
0.0
0.0
0.0
0.0
0.0
0.0
0.0
0.0
0.0
0.0
0.0
0.0
0.0
0.0
0.0
0.0
0.0
0.0
0.0
0.0
0.0
0.0
0.0
0.0
0.0
0.0
0.0
0.0
0.0
0.0
0.0
0.0
0.0
0.0
0.0
0.0
0.0
0.0
0.0
0.0
0.0
0.0
0.0
0.0
0.0
0.0
0.0
0.0
0.0
0.0
0.0
0.0
0.0
0.0
0.0
0.0
0.0
0.0
0.0
0.0
0.0
0.0
0.0
0.0
0.0
0.0
0.0
0.0
0.0
0.0
0.0
0.0
0.0
0.0
0.0
0.0
0.0
0.0
0.0
0.0
0.0
0.0
0.0
0.0
0.0
0.0
0.0
0.0
0.0
0.0
0.0
0.0
0.0
0.0
0.0
0.0
0.0
0.0
0.0
0.0
0.0
0.0
0.0
0.0
0.0
0.0
0.0
0.0
0.0
0.0
0.0
0.0
0.0
0.0
0.0
0.0
0.0
0.0
0.0
0.0
0.0
0.0
0.0
0.0
0.0
0.0
0.0
0.0
0.0
0.0
0.0
0.0
0.0
0.0
0.0
0.0
0.0
0.0
0.0
0.0
0.0
0.0
0.0
0.0
0.0
0.0
0.0
0.0
0.0
0.0
0.0
0.0
0.0
0.0
0.0
0.0
0.0
0.0
0.0
0.0
0.0
0.0
0.0
0.0
0.0
0.0
0.0
0.0
0.0
0.0
0.0
0.0
0.0
0.0
0.0
0.0
0.0
0.0
0.0
0.0
0.0
0.0
0.0
0.0
0.0
0.0
0.0
0.0
0.0
0.0
0.0
0.0
0.0
0.0
0.0
0.0
0.0
0.0
0.0
0.0
0.0
0.0
0.0
0.0
0.0
0.0
0.0
0.0
0.0
0.0
0.0
0.0
0.0
0.0
0.0
0.0
0.0
0.0
0.0
0.0
0.0
0.0
0.0
0.0
0.0
0.0
0.0
0.0
0.0
0.0
0.0
0.0
0.0
0.0
0.0
0.0
0.0
0.0
0.0
0.0
0.0
0.0
0.0
0.0
0.0
0.0
0.0
0.0
0.0
0.0
0.0
0.0
0.0
0.0
0.0
0.0
0.0
0.0
0.0
0.0
0.0
0.0
0.0
0.0
0.0
0.0
0.0
0.0
0.0
0.0
0.0
0.0
0.0
0.0
0.0
0.0
0.0
0.0
0.0
0.0
0.0
0.0
0.0
0.0
0.0
0.0
0.0
0.0
0.0
0.0
0.0
0.0
0.0
0.0
0.0
0.0
0.0
0.0
0.0
0.0
0.0
0.0
0.0
0.0
0.0
0.0
0.0
0.0
0.0
0.0
0.0
0.0
0.0
0.0
0.0
0.0
0.0
0.0
0.0
0.0
0.0
0.0
0.0
0.0
0.0
0.0
0.0
0.0
0.0
0.0
0.0
0.0
0.0
0.0
0.0
0.0
0.0
0.0
0.0
0.0
0.0
0.0
0.0
0.0
0.0
0.0
0.0
0.0
0.0
0.0
0.0
0.0
0.0
0.0
0.0
0.0
0.0
0.0
0.0
0.0
0.0
0.0
0.0
0.0
0.0
0.0
0.0
0.0
0.0
0.0
0.0
0.0
0.0
0.0
0.0
0.0
0.0
0.0
0.0
0.0
0.0
0.0
0.0
0.0
0.0
0.0
0.0
0.0
0.0
0.0
0.0
0.0
0.0
0.0
0.0
0.0
0.0
0.0
0.0
0.0
0.0
0.0
0.0
0.0
0.0
0.0
0.0
0.0
0.0
0.0
0.0
0.0
0.0
0.0
0.0
0.0
0.0
0.0
0.0
0.0
0.0
0.0
0.0
0.0
0.0
0.0
0.0
0.0
0.0
0.0
0.0
0.0
0.0
0.0
0.0
0.0
0.0
0.0
0.0
0.0
0.0
0.0
0.0
0.0
0.0
0.0
0.0
0.0
0.0
0.0
0.0
0.0
0.0
0.0
0.0
0.0
0.0
0.0
0.0
0.0
0.0
0.0
0.0
0.0
0.0
0.0
0.0
0.0
0.0
0.0
0.0
0.0
0.0
0.0
0.0
0.0
0.0
0.0
0.0
0.0
0.0
0.0
0.0
0.0
0.0
0.0
0.0
0.0
0.0
0.0
0.0
0.0
0.0
0.0
0.0
0.0
0.0
0.0
0.0
0.0
0.0
0.0
0.0
0.0
0.0
0.0
0.0
0.0
0.0
0.0
0.0
0.0
0.0
0.0
0.0
0.0
0.0
0.0
0.0
0.0
0.0
0.0
0.0
0.0
0.0
0.0
0.0
0.0
0.0
0.0
0.0
0.0
0.0
0.0
0.0
0.0
0.0
0.0
0.0
0.0
0.0
0.0
0.0
0.0
0.0
0.0
0.0
0.0
0.0
0.0
0.0
0.0
0.0
0.0
0.0
0.0
0.0
0.0
0.0
0.0
0.0
0.0
0.0
0.0
0.0
0.0
0.0
0.0
0.0
0.0
0.0
0.0
0.0
0.0
0.0
0.0
0.0
0.0
0.0
0.0
0.0
0.0
0.0
0.0
0.0
0.0
0.0
0.0
0.0
0.0
0.0
0.0
0.0
0.0
0.0
0.0
0.0
0.0
0.0
0.0
0.0
0.0
0.0
0.0
0.0
0.0
0.0
0.0
0.0
0.0
0.0
0.0
0.0
0.0
0.0
0.0
0.0
0.0
0.0
0.0
0.0
0.0
0.0
0.0
0.0
0.0
0.0
0.0
0.0
0.0
0.0
0.0
0.0
0.0
0.0
0.0
0.0
0.0
0.0
0.0
0.0
0.0
0.0
0.0
0.0
0.0
0.0
0.0
0.0
0.0
0.0
0.0
0.0
0.0
0.0
0.0
0.0
0.0
0.0
0.0
0.0
0.0
0.0
0.0
0.0
0.0
0.0
0.0
0.0
0.0
0.0
0.0
0.0
0.0
0.0
0.0
0.0
0.0
0.0
0.0
0.0
0.0
0.0
0.0
